54 tasks, quota-aware, rate 8.0s
[1/54] nyed:Morrison order/post
  quota closed — sleeping 53033s (until ~16:20)
54 tasks, quota-aware, rate 8.0s
[1/54] nyed:Morrison order/post
  quota closed (RA 51496s) — napping 1800s (~02:32)
  quota closed (RA 61455s) — napping 1800s (~03:02)
  quota closed (RA 59564s) — napping 1800s (~03:34)
  quota closed (RA 57713s) — napping 1800s (~04:05)
  quota closed (RA 55838s) — napping 1800s (~04:36)
  quota closed (RA 53966s) — napping 1800s (~05:07)
  quota closed (RA 52105s) — napping 1800s (~05:38)
  quota closed (RA 50221s) — napping 1800s (~06:10)
  quota closed (RA 48349s) — napping 1800s (~06:41)
  quota closed (RA 46458s) — napping 1800s (~07:12)
  quota closed (RA 44588s) — napping 1800s (~07:44)
  quota closed (RA 42715s) — napping 1800s (~08:15)
  quota closed (RA 40844s) — napping 1800s (~08:46)
  quota closed (RA 39004s) — napping 1800s (~09:17)
  quota closed (RA 37121s) — napping 1800s (~09:48)
  quota closed (RA 35256s) — napping 1800s (~10:19)
  quota closed (RA 33371s) — napping 1800s (~10:51)
  quota closed (RA 31495s) — napping 1800s (~11:22)
  quota closed (RA 29655s) — napping 1800s (~11:52)
  quota closed (RA 22925s) — napping 1800s (~13:45)
54 tasks, quota-aware, rate 8.0s
[1/54] nyed:Morrison order/post
  quota closed (RA 22507s) — napping 3600s (~14:22)
  quota closed (RA 18863s) — napping 3600s (~15:22)
  quota closed (RA 15196s) — napping 3600s (~16:23)
  quota closed (RA 8488s) — napping 3600s (~18:15)
  quota closed (RA 3945s) — napping 3600s (~19:31)
  quota closed (RA 289s) — napping 289s (~19:37)
  data/raw2_morrison_order_post.jsonl: p10 total 200 (count~1720)
  data/raw2_morrison_order_post.jsonl: p20 total 400 (count~1720)
  data/raw2_morrison_order_post.jsonl: p30 total 600 (count~1720)
  data/raw2_morrison_order_post.jsonl: p40 total 800 (count~1720)
  data/raw2_morrison_order_post.jsonl: p50 total 1000 (count~1720)
  data/raw2_morrison_order_post.jsonl: p60 total 1200 (count~1720)
  data/raw2_morrison_order_post.jsonl: p70 total 1400 (count~1720)
  data/raw2_morrison_order_post.jsonl: p80 total 1600 (count~1720)
  data/raw2_morrison_order_post.jsonl: p86 total 1720 (count~1720)
  -> 1720 docs
[2/54] nyed:Morrison opinion/post
  data/raw2_morrison_opinion_post.jsonl: p2 total 23 (count~23)
  -> 23 docs
[3/54] nyed:Donnelly order/post
  data/raw2_donnelly_order_post.jsonl: p10 total 200 (count~1721)
  quota closed (RA 2582s) — napping 2582s (~20:38)
  data/raw2_donnelly_order_post.jsonl: p20 total 400 (count~1721)
  data/raw2_donnelly_order_post.jsonl: p30 total 600 (count~1721)
  data/raw2_donnelly_order_post.jsonl: p40 total 800 (count~1721)
  data/raw2_donnelly_order_post.jsonl: p50 total 1000 (count~1721)
  quota closed (RA 1s) — napping 1s (~20:44)
  http 502 (fail 1/8)
  data/raw2_donnelly_order_post.jsonl: p60 total 1200 (count~1721)
  data/raw2_donnelly_order_post.jsonl: p70 total 1400 (count~1721)
  data/raw2_donnelly_order_post.jsonl: p80 total 1600 (count~1721)
  data/raw2_donnelly_order_post.jsonl: p87 total 1721 (count~1721)
  -> 1721 docs
[4/54] nyed:Donnelly opinion/post
  data/raw2_donnelly_opinion_post.jsonl: p2 total 30 (count~30)
  -> 30 docs
[5/54] nyed:Cogan order/post
  data/raw2_cogan_order_post.jsonl: p10 total 200 (count~2040)
  data/raw2_cogan_order_post.jsonl: p20 total 400 (count~2040)
  quota closed (RA 2470s) — napping 2470s (~21:38)
  data/raw2_cogan_order_post.jsonl: p30 total 600 (count~2040)
  data/raw2_cogan_order_post.jsonl: p40 total 800 (count~2040)
  data/raw2_cogan_order_post.jsonl: p50 total 1000 (count~2040)
  data/raw2_cogan_order_post.jsonl: p60 total 1200 (count~2040)
  quota closed (RA 101s) — napping 101s (~21:47)
  data/raw2_cogan_order_post.jsonl: p70 total 1400 (count~2040)
  quota closed (RA 76345s) — napping 3600s (~23:25)
  quota closed (RA 21850s) — napping 3600s (~14:33)
  data/raw2_cogan_order_post.jsonl: p80 total 1600 (count~2040)
  data/raw2_cogan_order_post.jsonl: p90 total 1800 (count~2040)
  data/raw2_cogan_order_post.jsonl: p100 total 2000 (count~2040)
  data/raw2_cogan_order_post.jsonl: p102 total 2040 (count~2040)
  -> 2040 docs
[6/54] nyed:Cogan opinion/post
  data/raw2_cogan_opinion_post.jsonl: p1 total 9 (count~9)
  -> 9 docs
[7/54] nysd:Engelmayer order/post
  data/raw2_engelmayer_order_post.jsonl: p10 total 200 (count~2134)
  data/raw2_engelmayer_order_post.jsonl: p20 total 400 (count~2134)
  data/raw2_engelmayer_order_post.jsonl: p30 total 600 (count~2134)
  data/raw2_engelmayer_order_post.jsonl: p40 total 800 (count~2134)
  data/raw2_engelmayer_order_post.jsonl: p50 total 1000 (count~2134)
  data/raw2_engelmayer_order_post.jsonl: p60 total 1200 (count~2134)
  quota closed (RA 2611s) — napping 2611s (~21:52)
  data/raw2_engelmayer_order_post.jsonl: p70 total 1400 (count~2134)
  data/raw2_engelmayer_order_post.jsonl: p80 total 1600 (count~2134)
  data/raw2_engelmayer_order_post.jsonl: p90 total 1800 (count~2134)
  data/raw2_engelmayer_order_post.jsonl: p100 total 2000 (count~2134)
  data/raw2_engelmayer_order_post.jsonl: p107 total 2134 (count~2134)
  -> 2134 docs
[8/54] nysd:Engelmayer opinion/post
  data/raw2_engelmayer_opinion_post.jsonl: p7 total 138 (count~138)
  -> 138 docs
[9/54] nysd:Koeltl order/post
  quota closed (RA 2s) — napping 2s (~22:00)
  data/raw2_koeltl_order_post.jsonl: p10 total 200 (count~2139)
  data/raw2_koeltl_order_post.jsonl: p20 total 400 (count~2139)
  data/raw2_koeltl_order_post.jsonl: p30 total 600 (count~2139)
  data/raw2_koeltl_order_post.jsonl: p40 total 800 (count~2139)
  data/raw2_koeltl_order_post.jsonl: p50 total 1000 (count~2139)
  quota closed (RA 2630s) — napping 2630s (~22:53)
54 tasks, quota-aware, rate 8.0s
[1/54] nyed:Morrison order/post
[2/54] nyed:Morrison opinion/post
[3/54] nyed:Donnelly order/post
[4/54] nyed:Donnelly opinion/post
[5/54] nyed:Cogan order/post
[6/54] nyed:Cogan opinion/post
[7/54] nysd:Engelmayer order/post
[8/54] nysd:Engelmayer opinion/post
[9/54] nysd:Koeltl order/post
  The read operation timed out (fail 1/8)
  data/raw2_koeltl_order_post.jsonl: p10 total 200 (count~2139)
  data/raw2_koeltl_order_post.jsonl: p20 total 400 (count~2139)
  data/raw2_koeltl_order_post.jsonl: p30 total 600 (count~2139)
  data/raw2_koeltl_order_post.jsonl: p40 total 800 (count~2139)
  data/raw2_koeltl_order_post.jsonl: p50 total 1000 (count~2139)
  data/raw2_koeltl_order_post.jsonl: p60 total 1200 (count~2139)
  data/raw2_koeltl_order_post.jsonl: p70 total 1400 (count~2139)
  data/raw2_koeltl_order_post.jsonl: p80 total 1600 (count~2139)
  data/raw2_koeltl_order_post.jsonl: p90 total 1800 (count~2139)
  quota closed (RA 2298s) — napping 2298s (~23:31)
  quota closed (RA 34s) — napping 34s (~23:33)
  quota closed (RA 63s) — napping 63s (~23:35)
  data/raw2_koeltl_order_post.jsonl: p100 total 2000 (count~2139)
  data/raw2_koeltl_order_post.jsonl: p107 total 2139 (count~2139)
  -> 2139 docs
[10/54] nysd:Koeltl opinion/post
  quota closed (RA 51s) — napping 51s (~23:38)
  data/raw2_koeltl_opinion_post.jsonl: p9 total 163 (count~163)
  -> 163 docs
[11/54] nysd:Vargas order/post
  data/raw2_vargas_order_post.jsonl: p10 total 200 (count~2144)
  data/raw2_vargas_order_post.jsonl: p20 total 400 (count~2144)
  data/raw2_vargas_order_post.jsonl: p30 total 600 (count~2144)
  data/raw2_vargas_order_post.jsonl: p40 total 800 (count~2144)
  data/raw2_vargas_order_post.jsonl: p50 total 1000 (count~2144)
  data/raw2_vargas_order_post.jsonl: p60 total 1200 (count~2144)
  data/raw2_vargas_order_post.jsonl: p70 total 1400 (count~2144)
  data/raw2_vargas_order_post.jsonl: p80 total 1600 (count~2144)
  quota closed (RA 2303s) — napping 2303s (~00:32)
  quota closed (RA 7s) — napping 7s (~00:34)
  quota closed (RA 42s) — napping 42s (~00:36)
  data/raw2_vargas_order_post.jsonl: p90 total 1800 (count~2144)
  quota closed (RA 71s) — napping 71s (~00:39)
  data/raw2_vargas_order_post.jsonl: p100 total 2000 (count~2144)
  data/raw2_vargas_order_post.jsonl: p108 total 2144 (count~2144)
  -> 2144 docs
[12/54] nysd:Vargas opinion/post
  data/raw2_vargas_opinion_post.jsonl: p9 total 177 (count~177)
  -> 177 docs
[13/54] nysd:Garnett order/post
  data/raw2_garnett_order_post.jsonl: p10 total 200 (count~2121)
  quota closed (RA 78348s) — napping 3600s (~01:46)
  data/raw2_garnett_order_post.jsonl: p20 total 400 (count~2121)
  The read operation timed out (fail 1/8)
  data/raw2_garnett_order_post.jsonl: p30 total 600 (count~2121)
  data/raw2_garnett_order_post.jsonl: p40 total 800 (count~2121)
  data/raw2_garnett_order_post.jsonl: p50 total 1000 (count~2121)
  data/raw2_garnett_order_post.jsonl: p60 total 1200 (count~2121)
  data/raw2_garnett_order_post.jsonl: p70 total 1400 (count~2121)
  data/raw2_garnett_order_post.jsonl: p80 total 1600 (count~2121)
  data/raw2_garnett_order_post.jsonl: p90 total 1800 (count~2121)
  data/raw2_garnett_order_post.jsonl: p100 total 2000 (count~2121)
  data/raw2_garnett_order_post.jsonl: p107 total 2121 (count~2121)
  -> 2121 docs
[14/54] nysd:Garnett opinion/post
  data/raw2_garnett_opinion_post.jsonl: p10 total 200 (count~249)
  data/raw2_garnett_opinion_post.jsonl: p13 total 249 (count~249)
  -> 249 docs
[15/54] nysd:Broderick order/post
  data/raw2_broderick_order_post.jsonl: p10 total 200 (count~2480)
  data/raw2_broderick_order_post.jsonl: p20 total 400 (count~2480)
  data/raw2_broderick_order_post.jsonl: p30 total 600 (count~2480)
  data/raw2_broderick_order_post.jsonl: p40 total 800 (count~2480)
  data/raw2_broderick_order_post.jsonl: p50 total 1000 (count~2480)
  data/raw2_broderick_order_post.jsonl: p60 total 1200 (count~2480)
  data/raw2_broderick_order_post.jsonl: p70 total 1400 (count~2480)
  data/raw2_broderick_order_post.jsonl: p80 total 1600 (count~2480)
  data/raw2_broderick_order_post.jsonl: p90 total 1800 (count~2480)
  data/raw2_broderick_order_post.jsonl: p100 total 2000 (count~2480)
  data/raw2_broderick_order_post.jsonl: p110 total 2200 (count~2480)
  data/raw2_broderick_order_post.jsonl: p120 total 2400 (count~2480)
  data/raw2_broderick_order_post.jsonl: p124 total 2480 (count~2480)
  -> 2480 docs
[16/54] nysd:Broderick opinion/post
  data/raw2_broderick_opinion_post.jsonl: p10 total 200 (count~216)
  data/raw2_broderick_opinion_post.jsonl: p11 total 216 (count~216)
  -> 216 docs
[17/54] nysd:Carter order/post
  data/raw2_carter_order_post.jsonl: p10 total 200 (count~2554)
  data/raw2_carter_order_post.jsonl: p20 total 400 (count~2554)
  data/raw2_carter_order_post.jsonl: p30 total 600 (count~2554)
  data/raw2_carter_order_post.jsonl: p40 total 800 (count~2554)
  data/raw2_carter_order_post.jsonl: p50 total 1000 (count~2554)
  data/raw2_carter_order_post.jsonl: p60 total 1200 (count~2554)
  data/raw2_carter_order_post.jsonl: p70 total 1400 (count~2554)
  data/raw2_carter_order_post.jsonl: p80 total 1600 (count~2554)
  data/raw2_carter_order_post.jsonl: p90 total 1800 (count~2554)
  data/raw2_carter_order_post.jsonl: p100 total 2000 (count~2554)
  data/raw2_carter_order_post.jsonl: p110 total 2200 (count~2554)
  data/raw2_carter_order_post.jsonl: p120 total 2400 (count~2554)
  data/raw2_carter_order_post.jsonl: p128 total 2554 (count~2554)
  -> 2554 docs
[18/54] nysd:Carter opinion/post
  data/raw2_carter_opinion_post.jsonl: p8 total 151 (count~151)
  -> 151 docs
[19/54] nysd:Ho order/post
  http 502 (fail 1/8)
  data/raw2_ho_order_post.jsonl: p10 total 200 (count~2470)
  data/raw2_ho_order_post.jsonl: p20 total 400 (count~2470)
  data/raw2_ho_order_post.jsonl: p30 total 600 (count~2470)
  data/raw2_ho_order_post.jsonl: p40 total 800 (count~2470)
  data/raw2_ho_order_post.jsonl: p50 total 1000 (count~2470)
  data/raw2_ho_order_post.jsonl: p60 total 1200 (count~2470)
  data/raw2_ho_order_post.jsonl: p70 total 1400 (count~2470)
  data/raw2_ho_order_post.jsonl: p80 total 1600 (count~2470)
  data/raw2_ho_order_post.jsonl: p90 total 1800 (count~2470)
  data/raw2_ho_order_post.jsonl: p100 total 2000 (count~2470)
  data/raw2_ho_order_post.jsonl: p110 total 2200 (count~2470)
  data/raw2_ho_order_post.jsonl: p120 total 2400 (count~2470)
  data/raw2_ho_order_post.jsonl: p124 total 2470 (count~2470)
  -> 2470 docs
[20/54] nysd:Ho opinion/post
  data/raw2_ho_opinion_post.jsonl: p10 total 200 (count~251)
  data/raw2_ho_opinion_post.jsonl: p13 total 251 (count~251)
  -> 251 docs
[21/54] nysd:Woods order/post
  data/raw2_woods_order_post.jsonl: p10 total 200 (count~2767)
  data/raw2_woods_order_post.jsonl: p20 total 400 (count~2767)
  data/raw2_woods_order_post.jsonl: p30 total 600 (count~2767)
  data/raw2_woods_order_post.jsonl: p40 total 800 (count~2767)
  data/raw2_woods_order_post.jsonl: p50 total 1000 (count~2767)
  data/raw2_woods_order_post.jsonl: p60 total 1200 (count~2767)
  data/raw2_woods_order_post.jsonl: p70 total 1400 (count~2767)
  data/raw2_woods_order_post.jsonl: p80 total 1600 (count~2767)
  data/raw2_woods_order_post.jsonl: p90 total 1800 (count~2767)
  data/raw2_woods_order_post.jsonl: p100 total 2000 (count~2767)
  data/raw2_woods_order_post.jsonl: p110 total 2200 (count~2767)
  data/raw2_woods_order_post.jsonl: p120 total 2400 (count~2767)
  data/raw2_woods_order_post.jsonl: p130 total 2600 (count~2767)
  data/raw2_woods_order_post.jsonl: p139 total 2767 (count~2767)
  -> 2767 docs
[22/54] nysd:Woods opinion/post
  data/raw2_woods_opinion_post.jsonl: p10 total 200 (count~202)
  data/raw2_woods_opinion_post.jsonl: p11 total 202 (count~202)
  -> 202 docs
[23/54] nysd:Torres order/post
  data/raw2_torres_order_post.jsonl: p10 total 200 (count~2860)
  data/raw2_torres_order_post.jsonl: p20 total 400 (count~2860)
  data/raw2_torres_order_post.jsonl: p30 total 600 (count~2860)
  data/raw2_torres_order_post.jsonl: p40 total 800 (count~2860)
  data/raw2_torres_order_post.jsonl: p50 total 1000 (count~2860)
  data/raw2_torres_order_post.jsonl: p60 total 1200 (count~2860)
  data/raw2_torres_order_post.jsonl: p70 total 1400 (count~2860)
  data/raw2_torres_order_post.jsonl: p80 total 1600 (count~2860)
  data/raw2_torres_order_post.jsonl: p90 total 1800 (count~2860)
  data/raw2_torres_order_post.jsonl: p100 total 2000 (count~2860)
  data/raw2_torres_order_post.jsonl: p110 total 2200 (count~2860)
  data/raw2_torres_order_post.jsonl: p120 total 2400 (count~2860)
  data/raw2_torres_order_post.jsonl: p130 total 2600 (count~2860)
  data/raw2_torres_order_post.jsonl: p140 total 2800 (count~2860)
  data/raw2_torres_order_post.jsonl: p143 total 2860 (count~2860)
  -> 2860 docs
[24/54] nysd:Torres opinion/post
  data/raw2_torres_opinion_post.jsonl: p6 total 116 (count~116)
  -> 116 docs
[25/54] nysd:Rochon opinion/post
  data/raw2_rochon_opinion_post.jsonl: p10 total 184 (count~184)
  -> 184 docs
[26/54] nysd:Daniels order/post
  data/raw2_daniels_order_post.jsonl: p10 total 200 (count~8860)
  data/raw2_daniels_order_post.jsonl: p20 total 400 (count~8860)
  data/raw2_daniels_order_post.jsonl: p30 total 600 (count~8860)
  data/raw2_daniels_order_post.jsonl: p40 total 800 (count~8860)
  data/raw2_daniels_order_post.jsonl: p50 total 1000 (count~8860)
  data/raw2_daniels_order_post.jsonl: p60 total 1200 (count~8860)
  data/raw2_daniels_order_post.jsonl: p70 total 1400 (count~8860)
  data/raw2_daniels_order_post.jsonl: p80 total 1600 (count~8860)
  data/raw2_daniels_order_post.jsonl: p90 total 1800 (count~8860)
  data/raw2_daniels_order_post.jsonl: p100 total 2000 (count~8860)
  data/raw2_daniels_order_post.jsonl: p110 total 2200 (count~8860)
  data/raw2_daniels_order_post.jsonl: p120 total 2400 (count~8860)
  data/raw2_daniels_order_post.jsonl: p130 total 2600 (count~8860)
  data/raw2_daniels_order_post.jsonl: p140 total 2800 (count~8860)
  data/raw2_daniels_order_post.jsonl: p150 total 3000 (count~8860)
  data/raw2_daniels_order_post.jsonl: p160 total 3200 (count~8860)
  data/raw2_daniels_order_post.jsonl: p170 total 3400 (count~8860)
  data/raw2_daniels_order_post.jsonl: p180 total 3600 (count~8860)
  data/raw2_daniels_order_post.jsonl: p190 total 3800 (count~8860)
  data/raw2_daniels_order_post.jsonl: p200 total 4000 (count~8860)
  data/raw2_daniels_order_post.jsonl: p210 total 4200 (count~8860)
  data/raw2_daniels_order_post.jsonl: p220 total 4400 (count~8860)
  data/raw2_daniels_order_post.jsonl: p230 total 4600 (count~8860)
  data/raw2_daniels_order_post.jsonl: p240 total 4800 (count~8860)
  data/raw2_daniels_order_post.jsonl: p250 total 5000 (count~8860)
  data/raw2_daniels_order_post.jsonl: p260 total 5200 (count~8860)
  data/raw2_daniels_order_post.jsonl: p270 total 5400 (count~8860)
  data/raw2_daniels_order_post.jsonl: p280 total 5600 (count~8860)
  data/raw2_daniels_order_post.jsonl: p290 total 5800 (count~8860)
  data/raw2_daniels_order_post.jsonl: p300 total 6000 (count~8860)
  data/raw2_daniels_order_post.jsonl: p310 total 6200 (count~8860)
  data/raw2_daniels_order_post.jsonl: p320 total 6400 (count~8860)
  data/raw2_daniels_order_post.jsonl: p330 total 6600 (count~8860)
  data/raw2_daniels_order_post.jsonl: p340 total 6800 (count~8860)
  data/raw2_daniels_order_post.jsonl: p350 total 7000 (count~8860)
  data/raw2_daniels_order_post.jsonl: p360 total 7200 (count~8860)
  data/raw2_daniels_order_post.jsonl: p370 total 7400 (count~8860)
  data/raw2_daniels_order_post.jsonl: p380 total 7600 (count~8860)
  data/raw2_daniels_order_post.jsonl: p390 total 7800 (count~8860)
  data/raw2_daniels_order_post.jsonl: p400 total 8000 (count~8860)
  data/raw2_daniels_order_post.jsonl: p410 total 8200 (count~8860)
  data/raw2_daniels_order_post.jsonl: p420 total 8400 (count~8860)
  data/raw2_daniels_order_post.jsonl: p430 total 8600 (count~8860)
  data/raw2_daniels_order_post.jsonl: p440 total 8800 (count~8860)
  data/raw2_daniels_order_post.jsonl: p443 total 8860 (count~8860)
  -> 8860 docs
[27/54] nysd:Daniels opinion/post
  data/raw2_daniels_opinion_post.jsonl: p10 total 200 (count~1226)
  data/raw2_daniels_opinion_post.jsonl: p20 total 400 (count~1226)
  data/raw2_daniels_opinion_post.jsonl: p30 total 600 (count~1226)
  data/raw2_daniels_opinion_post.jsonl: p40 total 800 (count~1226)
  data/raw2_daniels_opinion_post.jsonl: p50 total 1000 (count~1226)
  data/raw2_daniels_opinion_post.jsonl: p60 total 1200 (count~1226)
  data/raw2_daniels_opinion_post.jsonl: p62 total 1226 (count~1226)
  -> 1226 docs
[28/54] nyed:Morrison order/ground
  data/raw2_morrison_order_ground.jsonl: p10 total 200 (count~4795)
  data/raw2_morrison_order_ground.jsonl: p20 total 400 (count~4795)
  data/raw2_morrison_order_ground.jsonl: p30 total 600 (count~4795)
  data/raw2_morrison_order_ground.jsonl: p40 total 800 (count~4795)
  data/raw2_morrison_order_ground.jsonl: p50 total 1000 (count~4795)
  data/raw2_morrison_order_ground.jsonl: p60 total 1200 (count~4795)
  data/raw2_morrison_order_ground.jsonl: p70 total 1400 (count~4795)
  data/raw2_morrison_order_ground.jsonl: p80 total 1600 (count~4795)
  data/raw2_morrison_order_ground.jsonl: p90 total 1800 (count~4795)
  data/raw2_morrison_order_ground.jsonl: p100 total 2000 (count~4795)
  data/raw2_morrison_order_ground.jsonl: p110 total 2200 (count~4795)
  data/raw2_morrison_order_ground.jsonl: p120 total 2400 (count~4795)
  data/raw2_morrison_order_ground.jsonl: p130 total 2600 (count~4795)
  data/raw2_morrison_order_ground.jsonl: p140 total 2800 (count~4795)
  data/raw2_morrison_order_ground.jsonl: p150 total 3000 (count~4795)
  data/raw2_morrison_order_ground.jsonl: p160 total 3200 (count~4795)
  data/raw2_morrison_order_ground.jsonl: p170 total 3400 (count~4795)
  data/raw2_morrison_order_ground.jsonl: p180 total 3600 (count~4795)
  data/raw2_morrison_order_ground.jsonl: p190 total 3800 (count~4795)
  data/raw2_morrison_order_ground.jsonl: p200 total 4000 (count~4795)
  data/raw2_morrison_order_ground.jsonl: p210 total 4200 (count~4795)
  data/raw2_morrison_order_ground.jsonl: p220 total 4400 (count~4795)
  data/raw2_morrison_order_ground.jsonl: p230 total 4600 (count~4795)
  data/raw2_morrison_order_ground.jsonl: p240 total 4795 (count~4795)
  -> 4795 docs
[29/54] nyed:Morrison opinion/ground
  data/raw2_morrison_opinion_ground.jsonl: p3 total 52 (count~52)
  -> 52 docs
[30/54] nyed:Donnelly order/ground
  data/raw2_donnelly_order_ground.jsonl: p10 total 200 (count~5764)
  data/raw2_donnelly_order_ground.jsonl: p20 total 400 (count~5764)
  data/raw2_donnelly_order_ground.jsonl: p30 total 600 (count~5764)
  data/raw2_donnelly_order_ground.jsonl: p40 total 800 (count~5764)
  data/raw2_donnelly_order_ground.jsonl: p50 total 1000 (count~5764)
  data/raw2_donnelly_order_ground.jsonl: p60 total 1200 (count~5764)
  data/raw2_donnelly_order_ground.jsonl: p70 total 1400 (count~5764)
  data/raw2_donnelly_order_ground.jsonl: p80 total 1600 (count~5764)
  data/raw2_donnelly_order_ground.jsonl: p90 total 1800 (count~5764)
  data/raw2_donnelly_order_ground.jsonl: p100 total 2000 (count~5764)
  data/raw2_donnelly_order_ground.jsonl: p110 total 2200 (count~5764)
  data/raw2_donnelly_order_ground.jsonl: p120 total 2400 (count~5764)
  data/raw2_donnelly_order_ground.jsonl: p130 total 2600 (count~5764)
  data/raw2_donnelly_order_ground.jsonl: p140 total 2800 (count~5764)
  data/raw2_donnelly_order_ground.jsonl: p150 total 3000 (count~5764)
  data/raw2_donnelly_order_ground.jsonl: p160 total 3200 (count~5764)
  data/raw2_donnelly_order_ground.jsonl: p170 total 3400 (count~5764)
  data/raw2_donnelly_order_ground.jsonl: p180 total 3600 (count~5764)
  data/raw2_donnelly_order_ground.jsonl: p190 total 3800 (count~5764)
  data/raw2_donnelly_order_ground.jsonl: p200 total 4000 (count~5764)
  data/raw2_donnelly_order_ground.jsonl: p210 total 4200 (count~5764)
  data/raw2_donnelly_order_ground.jsonl: p220 total 4400 (count~5764)
  data/raw2_donnelly_order_ground.jsonl: p230 total 4600 (count~5764)
  data/raw2_donnelly_order_ground.jsonl: p240 total 4800 (count~5764)
  data/raw2_donnelly_order_ground.jsonl: p250 total 5000 (count~5764)
  data/raw2_donnelly_order_ground.jsonl: p260 total 5200 (count~5764)
  data/raw2_donnelly_order_ground.jsonl: p270 total 5400 (count~5764)
  data/raw2_donnelly_order_ground.jsonl: p280 total 5600 (count~5764)
  data/raw2_donnelly_order_ground.jsonl: p289 total 5763 (count~5764)
  -> 5763 docs
[31/54] nyed:Donnelly opinion/ground
  data/raw2_donnelly_opinion_ground.jsonl: p2 total 32 (count~32)
  -> 32 docs
[32/54] nyed:Cogan order/ground
  data/raw2_cogan_order_ground.jsonl: p10 total 200 (count~6862)
  data/raw2_cogan_order_ground.jsonl: p20 total 400 (count~6862)
  data/raw2_cogan_order_ground.jsonl: p30 total 600 (count~6862)
  data/raw2_cogan_order_ground.jsonl: p40 total 800 (count~6862)
  data/raw2_cogan_order_ground.jsonl: p50 total 1000 (count~6862)
  data/raw2_cogan_order_ground.jsonl: p60 total 1200 (count~6862)
  data/raw2_cogan_order_ground.jsonl: p70 total 1400 (count~6862)
  data/raw2_cogan_order_ground.jsonl: p80 total 1600 (count~6862)
  data/raw2_cogan_order_ground.jsonl: p90 total 1800 (count~6862)
  data/raw2_cogan_order_ground.jsonl: p100 total 2000 (count~6862)
  data/raw2_cogan_order_ground.jsonl: p110 total 2200 (count~6862)
  data/raw2_cogan_order_ground.jsonl: p120 total 2400 (count~6862)
  data/raw2_cogan_order_ground.jsonl: p130 total 2600 (count~6862)
  data/raw2_cogan_order_ground.jsonl: p140 total 2800 (count~6862)
  data/raw2_cogan_order_ground.jsonl: p150 total 3000 (count~6862)
  The read operation timed out (fail 1/8)
  data/raw2_cogan_order_ground.jsonl: p160 total 3200 (count~6862)
  data/raw2_cogan_order_ground.jsonl: p170 total 3400 (count~6862)
  data/raw2_cogan_order_ground.jsonl: p180 total 3600 (count~6862)
  data/raw2_cogan_order_ground.jsonl: p190 total 3800 (count~6862)
  data/raw2_cogan_order_ground.jsonl: p200 total 4000 (count~6862)
  data/raw2_cogan_order_ground.jsonl: p210 total 4200 (count~6862)
  data/raw2_cogan_order_ground.jsonl: p220 total 4400 (count~6862)
  data/raw2_cogan_order_ground.jsonl: p230 total 4600 (count~6862)
  data/raw2_cogan_order_ground.jsonl: p240 total 4800 (count~6862)
  data/raw2_cogan_order_ground.jsonl: p250 total 5000 (count~6862)
  data/raw2_cogan_order_ground.jsonl: p260 total 5200 (count~6862)
  data/raw2_cogan_order_ground.jsonl: p270 total 5400 (count~6862)
  data/raw2_cogan_order_ground.jsonl: p280 total 5600 (count~6862)
  data/raw2_cogan_order_ground.jsonl: p290 total 5800 (count~6862)
  data/raw2_cogan_order_ground.jsonl: p300 total 6000 (count~6862)
  data/raw2_cogan_order_ground.jsonl: p310 total 6200 (count~6862)
  data/raw2_cogan_order_ground.jsonl: p320 total 6400 (count~6862)
  data/raw2_cogan_order_ground.jsonl: p330 total 6600 (count~6862)
  data/raw2_cogan_order_ground.jsonl: p340 total 6800 (count~6862)
  data/raw2_cogan_order_ground.jsonl: p344 total 6862 (count~6862)
  -> 6862 docs
[33/54] nyed:Cogan opinion/ground
  data/raw2_cogan_opinion_ground.jsonl: p5 total 100 (count~100)
  -> 100 docs
[34/54] nysd:Engelmayer order/ground
  data/raw2_engelmayer_order_ground.jsonl: p10 total 200 (count~7209)
  data/raw2_engelmayer_order_ground.jsonl: p20 total 400 (count~7209)
  data/raw2_engelmayer_order_ground.jsonl: p30 total 600 (count~7209)
  data/raw2_engelmayer_order_ground.jsonl: p40 total 800 (count~7209)
  data/raw2_engelmayer_order_ground.jsonl: p50 total 1000 (count~7209)
  data/raw2_engelmayer_order_ground.jsonl: p60 total 1200 (count~7209)
  data/raw2_engelmayer_order_ground.jsonl: p70 total 1400 (count~7209)
  data/raw2_engelmayer_order_ground.jsonl: p80 total 1600 (count~7209)
  data/raw2_engelmayer_order_ground.jsonl: p90 total 1800 (count~7209)
  data/raw2_engelmayer_order_ground.jsonl: p100 total 2000 (count~7209)
  data/raw2_engelmayer_order_ground.jsonl: p110 total 2200 (count~7209)
  data/raw2_engelmayer_order_ground.jsonl: p120 total 2400 (count~7209)
  data/raw2_engelmayer_order_ground.jsonl: p130 total 2600 (count~7209)
  data/raw2_engelmayer_order_ground.jsonl: p140 total 2800 (count~7209)
  data/raw2_engelmayer_order_ground.jsonl: p150 total 3000 (count~7209)
  data/raw2_engelmayer_order_ground.jsonl: p160 total 3200 (count~7209)
  data/raw2_engelmayer_order_ground.jsonl: p170 total 3400 (count~7209)
  data/raw2_engelmayer_order_ground.jsonl: p180 total 3600 (count~7209)
  data/raw2_engelmayer_order_ground.jsonl: p190 total 3800 (count~7209)
  data/raw2_engelmayer_order_ground.jsonl: p200 total 4000 (count~7209)
  data/raw2_engelmayer_order_ground.jsonl: p210 total 4200 (count~7209)
  data/raw2_engelmayer_order_ground.jsonl: p220 total 4400 (count~7209)
  data/raw2_engelmayer_order_ground.jsonl: p230 total 4600 (count~7209)
  data/raw2_engelmayer_order_ground.jsonl: p240 total 4800 (count~7209)
  data/raw2_engelmayer_order_ground.jsonl: p250 total 5000 (count~7209)
  data/raw2_engelmayer_order_ground.jsonl: p260 total 5200 (count~7209)
  data/raw2_engelmayer_order_ground.jsonl: p270 total 5400 (count~7209)
  data/raw2_engelmayer_order_ground.jsonl: p280 total 5600 (count~7209)
  data/raw2_engelmayer_order_ground.jsonl: p290 total 5800 (count~7209)
  data/raw2_engelmayer_order_ground.jsonl: p300 total 6000 (count~7209)
  quota closed (RA 3926s) — napping 3600s (~22:26)
  quota closed (RA 240s) — napping 240s (~22:31)
  quota closed (RA 10s) — napping 10s (~22:33)
  quota closed (RA 10s) — napping 10s (~22:35)
  data/raw2_engelmayer_order_ground.jsonl: p310 total 6200 (count~7209)
  data/raw2_engelmayer_order_ground.jsonl: p320 total 6400 (count~7209)
  data/raw2_engelmayer_order_ground.jsonl: p330 total 6600 (count~7209)
  data/raw2_engelmayer_order_ground.jsonl: p340 total 6800 (count~7209)
  data/raw2_engelmayer_order_ground.jsonl: p350 total 7000 (count~7209)
  data/raw2_engelmayer_order_ground.jsonl: p360 total 7200 (count~7209)
  data/raw2_engelmayer_order_ground.jsonl: p361 total 7208 (count~7209)
  -> 7208 docs
[35/54] nysd:Engelmayer opinion/ground
  data/raw2_engelmayer_opinion_ground.jsonl: p10 total 200 (count~429)
  data/raw2_engelmayer_opinion_ground.jsonl: p20 total 400 (count~429)
  data/raw2_engelmayer_opinion_ground.jsonl: p22 total 429 (count~429)
  -> 429 docs
[36/54] nysd:Koeltl order/ground
  data/raw2_koeltl_order_ground.jsonl: p10 total 200 (count~8208)
  data/raw2_koeltl_order_ground.jsonl: p20 total 400 (count~8208)
  quota closed (RA 2257s) — napping 2257s (~23:32)
  quota closed (RA 47s) — napping 47s (~23:36)
  data/raw2_koeltl_order_ground.jsonl: p30 total 600 (count~8208)
  quota closed (RA 8s) — napping 8s (~23:39)
  data/raw2_koeltl_order_ground.jsonl: p40 total 800 (count~8208)
  data/raw2_koeltl_order_ground.jsonl: p50 total 1000 (count~8208)
  data/raw2_koeltl_order_ground.jsonl: p60 total 1200 (count~8208)
  data/raw2_koeltl_order_ground.jsonl: p70 total 1400 (count~8208)
  data/raw2_koeltl_order_ground.jsonl: p80 total 1600 (count~8208)
  data/raw2_koeltl_order_ground.jsonl: p90 total 1800 (count~8208)
  data/raw2_koeltl_order_ground.jsonl: p100 total 2000 (count~8208)
  data/raw2_koeltl_order_ground.jsonl: p110 total 2200 (count~8208)
  quota closed (RA 2092s) — napping 2092s (~00:33)
  quota closed (RA 59s) — napping 59s (~00:36)
  data/raw2_koeltl_order_ground.jsonl: p120 total 2400 (count~8208)
  quota closed (RA 86s) — napping 86s (~00:40)
  data/raw2_koeltl_order_ground.jsonl: p130 total 2600 (count~8208)
  data/raw2_koeltl_order_ground.jsonl: p140 total 2800 (count~8208)
  data/raw2_koeltl_order_ground.jsonl: p150 total 3000 (count~8208)
  data/raw2_koeltl_order_ground.jsonl: p160 total 3200 (count~8208)
  quota closed (RA 39780s) — napping 3600s (~01:49)
  quota closed (RA 36132s) — napping 3600s (~02:50)
  quota closed (RA 25721s) — napping 3600s (~05:43)
  quota closed (RA 4702s) — napping 3600s (~11:34)
  quota closed (RA 1022s) — napping 1022s (~11:52)
  quota closed (RA 826s) — napping 826s (~12:08)
  data/raw2_koeltl_order_ground.jsonl: p170 total 3400 (count~8208)
  quota closed (RA 2648s) — napping 2648s (~12:54)
  quota closed (RA 875s) — napping 875s (~13:09)
  data/raw2_koeltl_order_ground.jsonl: p180 total 3600 (count~8208)
  quota closed (RA 872s) — napping 872s (~13:26)
  data/raw2_koeltl_order_ground.jsonl: p190 total 3800 (count~8208)
  quota closed (RA 1s) — napping 1s (~13:29)
  data/raw2_koeltl_order_ground.jsonl: p200 total 4000 (count~8208)
  data/raw2_koeltl_order_ground.jsonl: p210 total 4200 (count~8208)
  data/raw2_koeltl_order_ground.jsonl: p220 total 4400 (count~8208)
  quota closed (RA 1s) — napping 1s (~13:35)
  data/raw2_koeltl_order_ground.jsonl: p230 total 4600 (count~8208)
  data/raw2_koeltl_order_ground.jsonl: p240 total 4800 (count~8208)
  data/raw2_koeltl_order_ground.jsonl: p250 total 5000 (count~8208)
  data/raw2_koeltl_order_ground.jsonl: p260 total 5200 (count~8208)
  quota closed (RA 42s) — napping 42s (~13:42)
  data/raw2_koeltl_order_ground.jsonl: p270 total 5400 (count~8208)
  data/raw2_koeltl_order_ground.jsonl: p280 total 5600 (count~8208)
  data/raw2_koeltl_order_ground.jsonl: p290 total 5800 (count~8208)
  data/raw2_koeltl_order_ground.jsonl: p300 total 6000 (count~8208)
  data/raw2_koeltl_order_ground.jsonl: p310 total 6200 (count~8208)
  data/raw2_koeltl_order_ground.jsonl: p320 total 6400 (count~8208)
  data/raw2_koeltl_order_ground.jsonl: p330 total 6600 (count~8208)
  data/raw2_koeltl_order_ground.jsonl: p340 total 6800 (count~8208)
  data/raw2_koeltl_order_ground.jsonl: p350 total 7000 (count~8208)
  data/raw2_koeltl_order_ground.jsonl: p360 total 7200 (count~8208)
  quota closed (RA 2s) — napping 2s (~14:00)
  data/raw2_koeltl_order_ground.jsonl: p370 total 7400 (count~8208)
  data/raw2_koeltl_order_ground.jsonl: p380 total 7600 (count~8208)
  data/raw2_koeltl_order_ground.jsonl: p390 total 7800 (count~8208)
  data/raw2_koeltl_order_ground.jsonl: p400 total 8000 (count~8208)
  data/raw2_koeltl_order_ground.jsonl: p410 total 8200 (count~8208)
  data/raw2_koeltl_order_ground.jsonl: p411 total 8207 (count~8208)
  -> 8207 docs
[37/54] nysd:Koeltl opinion/ground
  data/raw2_koeltl_opinion_ground.jsonl: p10 total 200 (count~423)
  data/raw2_koeltl_opinion_ground.jsonl: p20 total 400 (count~423)
  data/raw2_koeltl_opinion_ground.jsonl: p22 total 423 (count~423)
  -> 423 docs
[38/54] nysd:Vargas order/ground
  data/raw2_vargas_order_ground.jsonl: p10 total 200 (count~4646)
  data/raw2_vargas_order_ground.jsonl: p20 total 400 (count~4646)
  quota closed (RA 7s) — napping 7s (~14:15)
  data/raw2_vargas_order_ground.jsonl: p30 total 600 (count~4646)
  data/raw2_vargas_order_ground.jsonl: p40 total 800 (count~4646)
  data/raw2_vargas_order_ground.jsonl: p50 total 1000 (count~4646)
  data/raw2_vargas_order_ground.jsonl: p60 total 1200 (count~4646)
  data/raw2_vargas_order_ground.jsonl: p70 total 1400 (count~4646)
  data/raw2_vargas_order_ground.jsonl: p80 total 1600 (count~4646)
  data/raw2_vargas_order_ground.jsonl: p90 total 1800 (count~4646)
  data/raw2_vargas_order_ground.jsonl: p100 total 2000 (count~4646)
  data/raw2_vargas_order_ground.jsonl: p110 total 2200 (count~4646)
  quota closed (RA 24s) — napping 24s (~14:32)
  data/raw2_vargas_order_ground.jsonl: p120 total 2400 (count~4646)
  data/raw2_vargas_order_ground.jsonl: p130 total 2600 (count~4646)
  data/raw2_vargas_order_ground.jsonl: p140 total 2800 (count~4646)
  data/raw2_vargas_order_ground.jsonl: p150 total 3000 (count~4646)
  data/raw2_vargas_order_ground.jsonl: p160 total 3200 (count~4646)
  data/raw2_vargas_order_ground.jsonl: p170 total 3400 (count~4646)
  data/raw2_vargas_order_ground.jsonl: p180 total 3600 (count~4646)
  data/raw2_vargas_order_ground.jsonl: p190 total 3800 (count~4646)
  data/raw2_vargas_order_ground.jsonl: p200 total 4000 (count~4646)
  quota closed (RA 1s) — napping 1s (~14:49)
  data/raw2_vargas_order_ground.jsonl: p210 total 4200 (count~4646)
  data/raw2_vargas_order_ground.jsonl: p220 total 4400 (count~4646)
  data/raw2_vargas_order_ground.jsonl: p230 total 4600 (count~4646)
  data/raw2_vargas_order_ground.jsonl: p233 total 4646 (count~4646)
  -> 4646 docs
[39/54] nysd:Vargas opinion/ground
  data/raw2_vargas_opinion_ground.jsonl: p8 total 157 (count~157)
  -> 157 docs
[40/54] nysd:Garnett order/ground
  data/raw2_garnett_order_ground.jsonl: p10 total 200 (count~6942)
  data/raw2_garnett_order_ground.jsonl: p20 total 400 (count~6942)
  data/raw2_garnett_order_ground.jsonl: p30 total 600 (count~6942)
  data/raw2_garnett_order_ground.jsonl: p40 total 800 (count~6942)
  data/raw2_garnett_order_ground.jsonl: p50 total 1000 (count~6942)
  data/raw2_garnett_order_ground.jsonl: p60 total 1200 (count~6942)
  data/raw2_garnett_order_ground.jsonl: p70 total 1400 (count~6942)
  data/raw2_garnett_order_ground.jsonl: p80 total 1600 (count~6942)
  data/raw2_garnett_order_ground.jsonl: p90 total 1800 (count~6942)
  data/raw2_garnett_order_ground.jsonl: p100 total 2000 (count~6942)
  data/raw2_garnett_order_ground.jsonl: p110 total 2200 (count~6942)
  data/raw2_garnett_order_ground.jsonl: p120 total 2400 (count~6942)
  data/raw2_garnett_order_ground.jsonl: p130 total 2600 (count~6942)
  data/raw2_garnett_order_ground.jsonl: p140 total 2800 (count~6942)
  data/raw2_garnett_order_ground.jsonl: p150 total 3000 (count~6942)
  data/raw2_garnett_order_ground.jsonl: p160 total 3200 (count~6942)
  data/raw2_garnett_order_ground.jsonl: p170 total 3400 (count~6942)
  data/raw2_garnett_order_ground.jsonl: p180 total 3600 (count~6942)
  data/raw2_garnett_order_ground.jsonl: p190 total 3800 (count~6942)
  data/raw2_garnett_order_ground.jsonl: p200 total 4000 (count~6942)
  data/raw2_garnett_order_ground.jsonl: p210 total 4200 (count~6942)
  data/raw2_garnett_order_ground.jsonl: p220 total 4400 (count~6942)
  data/raw2_garnett_order_ground.jsonl: p230 total 4600 (count~6942)
  quota closed (RA 1s) — napping 1s (~15:35)
  data/raw2_garnett_order_ground.jsonl: p240 total 4800 (count~6942)
  data/raw2_garnett_order_ground.jsonl: p250 total 5000 (count~6942)
  data/raw2_garnett_order_ground.jsonl: p260 total 5200 (count~6942)
  data/raw2_garnett_order_ground.jsonl: p270 total 5400 (count~6942)
  data/raw2_garnett_order_ground.jsonl: p280 total 5600 (count~6942)
  data/raw2_garnett_order_ground.jsonl: p290 total 5800 (count~6942)
  data/raw2_garnett_order_ground.jsonl: p300 total 6000 (count~6942)
  quota closed (RA 3s) — napping 3s (~15:47)
  data/raw2_garnett_order_ground.jsonl: p310 total 6200 (count~6942)
  data/raw2_garnett_order_ground.jsonl: p320 total 6400 (count~6942)
  quota closed (RA 6s) — napping 6s (~15:50)
  data/raw2_garnett_order_ground.jsonl: p330 total 6600 (count~6942)
  data/raw2_garnett_order_ground.jsonl: p340 total 6800 (count~6942)
  data/raw2_garnett_order_ground.jsonl: p348 total 6941 (count~6942)
  -> 6941 docs
[41/54] nysd:Garnett opinion/ground
  data/raw2_garnett_opinion_ground.jsonl: p10 total 200 (count~219)
  data/raw2_garnett_opinion_ground.jsonl: p11 total 219 (count~219)
  -> 219 docs
[42/54] nysd:Broderick order/ground
  data/raw2_broderick_order_ground.jsonl: p10 total 200 (count~6958)
  data/raw2_broderick_order_ground.jsonl: p20 total 400 (count~6958)
  data/raw2_broderick_order_ground.jsonl: p30 total 600 (count~6958)
  data/raw2_broderick_order_ground.jsonl: p40 total 800 (count~6958)
  data/raw2_broderick_order_ground.jsonl: p50 total 1000 (count~6958)
  data/raw2_broderick_order_ground.jsonl: p60 total 1200 (count~6958)
  data/raw2_broderick_order_ground.jsonl: p70 total 1400 (count~6958)
  data/raw2_broderick_order_ground.jsonl: p80 total 1600 (count~6958)
  data/raw2_broderick_order_ground.jsonl: p90 total 1800 (count~6958)
  data/raw2_broderick_order_ground.jsonl: p100 total 2000 (count~6958)
  data/raw2_broderick_order_ground.jsonl: p110 total 2200 (count~6958)
  data/raw2_broderick_order_ground.jsonl: p120 total 2400 (count~6958)
  data/raw2_broderick_order_ground.jsonl: p130 total 2600 (count~6958)
  data/raw2_broderick_order_ground.jsonl: p140 total 2800 (count~6958)
  data/raw2_broderick_order_ground.jsonl: p150 total 3000 (count~6958)
  data/raw2_broderick_order_ground.jsonl: p160 total 3200 (count~6958)
  data/raw2_broderick_order_ground.jsonl: p170 total 3400 (count~6958)
  data/raw2_broderick_order_ground.jsonl: p180 total 3600 (count~6958)
  data/raw2_broderick_order_ground.jsonl: p190 total 3800 (count~6958)
  data/raw2_broderick_order_ground.jsonl: p200 total 4000 (count~6958)
  data/raw2_broderick_order_ground.jsonl: p210 total 4200 (count~6958)
  data/raw2_broderick_order_ground.jsonl: p220 total 4400 (count~6958)
  data/raw2_broderick_order_ground.jsonl: p230 total 4600 (count~6958)
  data/raw2_broderick_order_ground.jsonl: p240 total 4800 (count~6958)
  data/raw2_broderick_order_ground.jsonl: p250 total 5000 (count~6958)
  data/raw2_broderick_order_ground.jsonl: p260 total 5200 (count~6958)
  data/raw2_broderick_order_ground.jsonl: p270 total 5400 (count~6958)
  data/raw2_broderick_order_ground.jsonl: p280 total 5600 (count~6958)
  data/raw2_broderick_order_ground.jsonl: p290 total 5800 (count~6958)
  data/raw2_broderick_order_ground.jsonl: p300 total 6000 (count~6958)
  data/raw2_broderick_order_ground.jsonl: p310 total 6200 (count~6958)
  data/raw2_broderick_order_ground.jsonl: p320 total 6400 (count~6958)
  data/raw2_broderick_order_ground.jsonl: p330 total 6600 (count~6958)
  data/raw2_broderick_order_ground.jsonl: p340 total 6800 (count~6958)
  data/raw2_broderick_order_ground.jsonl: p348 total 6958 (count~6958)
  -> 6958 docs
[43/54] nysd:Broderick opinion/ground
  data/raw2_broderick_opinion_ground.jsonl: p10 total 200 (count~541)
  data/raw2_broderick_opinion_ground.jsonl: p20 total 400 (count~541)
  data/raw2_broderick_opinion_ground.jsonl: p27 total 540 (count~541)
  -> 540 docs
[44/54] nysd:Carter order/ground
  data/raw2_carter_order_ground.jsonl: p10 total 200 (count~6784)
  data/raw2_carter_order_ground.jsonl: p20 total 400 (count~6784)
  data/raw2_carter_order_ground.jsonl: p30 total 600 (count~6784)
  data/raw2_carter_order_ground.jsonl: p40 total 800 (count~6784)
  data/raw2_carter_order_ground.jsonl: p50 total 1000 (count~6784)
  data/raw2_carter_order_ground.jsonl: p60 total 1200 (count~6784)
  data/raw2_carter_order_ground.jsonl: p70 total 1400 (count~6784)
  data/raw2_carter_order_ground.jsonl: p80 total 1600 (count~6784)
  data/raw2_carter_order_ground.jsonl: p90 total 1800 (count~6784)
  data/raw2_carter_order_ground.jsonl: p100 total 2000 (count~6784)
  data/raw2_carter_order_ground.jsonl: p110 total 2200 (count~6784)
  data/raw2_carter_order_ground.jsonl: p120 total 2400 (count~6784)
  data/raw2_carter_order_ground.jsonl: p130 total 2600 (count~6784)
  data/raw2_carter_order_ground.jsonl: p140 total 2800 (count~6784)
  data/raw2_carter_order_ground.jsonl: p150 total 3000 (count~6784)
  data/raw2_carter_order_ground.jsonl: p160 total 3200 (count~6784)
  data/raw2_carter_order_ground.jsonl: p170 total 3400 (count~6784)
  data/raw2_carter_order_ground.jsonl: p180 total 3600 (count~6784)
  data/raw2_carter_order_ground.jsonl: p190 total 3800 (count~6784)
  data/raw2_carter_order_ground.jsonl: p200 total 4000 (count~6784)
  data/raw2_carter_order_ground.jsonl: p210 total 4200 (count~6784)
  data/raw2_carter_order_ground.jsonl: p220 total 4400 (count~6784)
  data/raw2_carter_order_ground.jsonl: p230 total 4600 (count~6784)
  data/raw2_carter_order_ground.jsonl: p240 total 4800 (count~6784)
  data/raw2_carter_order_ground.jsonl: p250 total 5000 (count~6784)
  data/raw2_carter_order_ground.jsonl: p260 total 5200 (count~6784)
  data/raw2_carter_order_ground.jsonl: p270 total 5400 (count~6784)
  data/raw2_carter_order_ground.jsonl: p280 total 5600 (count~6784)
  data/raw2_carter_order_ground.jsonl: p290 total 5800 (count~6784)
  data/raw2_carter_order_ground.jsonl: p300 total 6000 (count~6784)
  data/raw2_carter_order_ground.jsonl: p310 total 6200 (count~6784)
  data/raw2_carter_order_ground.jsonl: p320 total 6400 (count~6784)
  data/raw2_carter_order_ground.jsonl: p330 total 6600 (count~6784)
  data/raw2_carter_order_ground.jsonl: p340 total 6784 (count~6784)
  -> 6784 docs
[45/54] nysd:Carter opinion/ground
  data/raw2_carter_opinion_ground.jsonl: p10 total 200 (count~453)
  data/raw2_carter_opinion_ground.jsonl: p20 total 400 (count~453)
  data/raw2_carter_opinion_ground.jsonl: p23 total 453 (count~453)
  -> 453 docs
[46/54] nysd:Ho order/ground
  data/raw2_ho_order_ground.jsonl: p10 total 200 (count~8648)
  data/raw2_ho_order_ground.jsonl: p20 total 400 (count~8648)
  data/raw2_ho_order_ground.jsonl: p30 total 600 (count~8648)
  data/raw2_ho_order_ground.jsonl: p40 total 800 (count~8648)
  data/raw2_ho_order_ground.jsonl: p50 total 1000 (count~8648)
  data/raw2_ho_order_ground.jsonl: p60 total 1200 (count~8648)
  data/raw2_ho_order_ground.jsonl: p70 total 1400 (count~8648)
  data/raw2_ho_order_ground.jsonl: p80 total 1600 (count~8648)
  data/raw2_ho_order_ground.jsonl: p90 total 1800 (count~8648)
  data/raw2_ho_order_ground.jsonl: p100 total 2000 (count~8648)
  data/raw2_ho_order_ground.jsonl: p110 total 2200 (count~8648)
  data/raw2_ho_order_ground.jsonl: p120 total 2400 (count~8648)
  data/raw2_ho_order_ground.jsonl: p130 total 2600 (count~8648)
  data/raw2_ho_order_ground.jsonl: p140 total 2800 (count~8648)
  data/raw2_ho_order_ground.jsonl: p150 total 3000 (count~8648)
  data/raw2_ho_order_ground.jsonl: p160 total 3200 (count~8648)
  data/raw2_ho_order_ground.jsonl: p170 total 3400 (count~8648)
  The read operation timed out (fail 1/8)
  data/raw2_ho_order_ground.jsonl: p180 total 3600 (count~8648)
  data/raw2_ho_order_ground.jsonl: p190 total 3800 (count~8648)
  data/raw2_ho_order_ground.jsonl: p200 total 4000 (count~8648)
  data/raw2_ho_order_ground.jsonl: p210 total 4200 (count~8648)
  The read operation timed out (fail 1/8)
  data/raw2_ho_order_ground.jsonl: p220 total 4400 (count~8648)
  data/raw2_ho_order_ground.jsonl: p230 total 4600 (count~8648)
  data/raw2_ho_order_ground.jsonl: p240 total 4800 (count~8648)
  data/raw2_ho_order_ground.jsonl: p250 total 5000 (count~8648)
  data/raw2_ho_order_ground.jsonl: p260 total 5200 (count~8648)
  data/raw2_ho_order_ground.jsonl: p270 total 5400 (count~8648)
  data/raw2_ho_order_ground.jsonl: p280 total 5600 (count~8648)
  data/raw2_ho_order_ground.jsonl: p290 total 5800 (count~8648)
  data/raw2_ho_order_ground.jsonl: p300 total 6000 (count~8648)
  The read operation timed out (fail 1/8)
  data/raw2_ho_order_ground.jsonl: p310 total 6200 (count~8648)
  data/raw2_ho_order_ground.jsonl: p320 total 6400 (count~8648)
  data/raw2_ho_order_ground.jsonl: p330 total 6600 (count~8648)
  data/raw2_ho_order_ground.jsonl: p340 total 6800 (count~8648)
  data/raw2_ho_order_ground.jsonl: p350 total 7000 (count~8648)
  data/raw2_ho_order_ground.jsonl: p360 total 7200 (count~8648)
  data/raw2_ho_order_ground.jsonl: p370 total 7400 (count~8648)
  data/raw2_ho_order_ground.jsonl: p380 total 7600 (count~8648)
  data/raw2_ho_order_ground.jsonl: p390 total 7800 (count~8648)
  data/raw2_ho_order_ground.jsonl: p400 total 8000 (count~8648)
  data/raw2_ho_order_ground.jsonl: p410 total 8200 (count~8648)
  data/raw2_ho_order_ground.jsonl: p420 total 8400 (count~8648)
  data/raw2_ho_order_ground.jsonl: p430 total 8600 (count~8648)
  data/raw2_ho_order_ground.jsonl: p433 total 8647 (count~8648)
  -> 8647 docs
[47/54] nysd:Ho opinion/ground
  data/raw2_ho_opinion_ground.jsonl: p10 total 200 (count~393)
  data/raw2_ho_opinion_ground.jsonl: p20 total 393 (count~393)
  -> 393 docs
[48/54] nysd:Woods order/ground
  data/raw2_woods_order_ground.jsonl: p10 total 200 (count~10033)
  data/raw2_woods_order_ground.jsonl: p20 total 400 (count~10033)
  data/raw2_woods_order_ground.jsonl: p30 total 600 (count~10033)
  data/raw2_woods_order_ground.jsonl: p40 total 800 (count~10033)
  data/raw2_woods_order_ground.jsonl: p50 total 1000 (count~10033)
  data/raw2_woods_order_ground.jsonl: p60 total 1200 (count~10033)
  data/raw2_woods_order_ground.jsonl: p70 total 1400 (count~10033)
  data/raw2_woods_order_ground.jsonl: p80 total 1600 (count~10033)
  data/raw2_woods_order_ground.jsonl: p90 total 1800 (count~10033)
  data/raw2_woods_order_ground.jsonl: p100 total 2000 (count~10033)
  data/raw2_woods_order_ground.jsonl: p110 total 2200 (count~10033)
  data/raw2_woods_order_ground.jsonl: p120 total 2400 (count~10033)
  data/raw2_woods_order_ground.jsonl: p130 total 2600 (count~10033)
  data/raw2_woods_order_ground.jsonl: p140 total 2800 (count~10033)
  data/raw2_woods_order_ground.jsonl: p150 total 3000 (count~10033)
  The read operation timed out (fail 1/8)
  data/raw2_woods_order_ground.jsonl: p160 total 3200 (count~10033)
  data/raw2_woods_order_ground.jsonl: p170 total 3400 (count~10033)
  data/raw2_woods_order_ground.jsonl: p180 total 3600 (count~10033)
  The read operation timed out (fail 1/8)
  data/raw2_woods_order_ground.jsonl: p190 total 3800 (count~10033)
  data/raw2_woods_order_ground.jsonl: p200 total 4000 (count~10033)
  data/raw2_woods_order_ground.jsonl: p210 total 4200 (count~10033)
  The read operation timed out (fail 1/8)
  data/raw2_woods_order_ground.jsonl: p220 total 4400 (count~10033)
  The read operation timed out (fail 1/8)
  The read operation timed out (fail 2/8)
  The read operation timed out (fail 1/8)
  data/raw2_woods_order_ground.jsonl: p230 total 4600 (count~10033)
  The read operation timed out (fail 1/8)
  The read operation timed out (fail 1/8)
  data/raw2_woods_order_ground.jsonl: p240 total 4800 (count~10033)
  data/raw2_woods_order_ground.jsonl: p250 total 5000 (count~10033)
  The read operation timed out (fail 1/8)
  data/raw2_woods_order_ground.jsonl: p260 total 5200 (count~10033)
  data/raw2_woods_order_ground.jsonl: p270 total 5400 (count~10033)
  data/raw2_woods_order_ground.jsonl: p280 total 5600 (count~10033)
  data/raw2_woods_order_ground.jsonl: p290 total 5800 (count~10033)
  data/raw2_woods_order_ground.jsonl: p300 total 6000 (count~10033)
  data/raw2_woods_order_ground.jsonl: p310 total 6200 (count~10033)
  data/raw2_woods_order_ground.jsonl: p320 total 6400 (count~10033)
  data/raw2_woods_order_ground.jsonl: p330 total 6600 (count~10033)
  data/raw2_woods_order_ground.jsonl: p340 total 6800 (count~10033)
  data/raw2_woods_order_ground.jsonl: p350 total 7000 (count~10033)
  data/raw2_woods_order_ground.jsonl: p360 total 7200 (count~10033)
  data/raw2_woods_order_ground.jsonl: p370 total 7400 (count~10033)
  The read operation timed out (fail 1/8)
  The read operation timed out (fail 1/8)
  data/raw2_woods_order_ground.jsonl: p380 total 7600 (count~10033)
  data/raw2_woods_order_ground.jsonl: p390 total 7800 (count~10033)
  data/raw2_woods_order_ground.jsonl: p400 total 8000 (count~10033)
  data/raw2_woods_order_ground.jsonl: p410 total 8200 (count~10033)
  data/raw2_woods_order_ground.jsonl: p420 total 8400 (count~10033)
  data/raw2_woods_order_ground.jsonl: p430 total 8600 (count~10033)
  data/raw2_woods_order_ground.jsonl: p440 total 8800 (count~10033)
  data/raw2_woods_order_ground.jsonl: p450 total 9000 (count~10033)
  data/raw2_woods_order_ground.jsonl: p460 total 9200 (count~10033)
  data/raw2_woods_order_ground.jsonl: p470 total 9400 (count~10033)
  data/raw2_woods_order_ground.jsonl: p480 total 9600 (count~10033)
  data/raw2_woods_order_ground.jsonl: p490 total 9800 (count~10033)
  data/raw2_woods_order_ground.jsonl: p500 total 10000 (count~10033)
  data/raw2_woods_order_ground.jsonl: p502 total 10035 (count~10033)
  -> 10035 docs
[49/54] nysd:Woods opinion/ground
  data/raw2_woods_opinion_ground.jsonl: p10 total 200 (count~497)
  quota closed (RA 1795s) — napping 1795s (~23:33)
  data/raw2_woods_opinion_ground.jsonl: p20 total 400 (count~497)
  quota closed (RA 65s) — napping 65s (~23:36)
  data/raw2_woods_opinion_ground.jsonl: p25 total 497 (count~497)
  -> 497 docs
[50/54] nysd:Torres order/ground
  quota closed (RA 19s) — napping 19s (~23:40)
  data/raw2_torres_order_ground.jsonl: p10 total 200 (count~10307)
  data/raw2_torres_order_ground.jsonl: p20 total 400 (count~10307)
  data/raw2_torres_order_ground.jsonl: p30 total 600 (count~10307)
  data/raw2_torres_order_ground.jsonl: p40 total 800 (count~10307)
  The read operation timed out (fail 1/8)
  data/raw2_torres_order_ground.jsonl: p50 total 1000 (count~10307)
  data/raw2_torres_order_ground.jsonl: p60 total 1200 (count~10307)
  data/raw2_torres_order_ground.jsonl: p70 total 1400 (count~10307)
  data/raw2_torres_order_ground.jsonl: p80 total 1600 (count~10307)
  data/raw2_torres_order_ground.jsonl: p90 total 1800 (count~10307)
  quota closed (RA 1842s) — napping 1842s (~00:35)
  data/raw2_torres_order_ground.jsonl: p100 total 2000 (count~10307)
  quota closed (RA 68s) — napping 68s (~00:41)
  quota closed (RA 24s) — napping 24s (~00:43)
  data/raw2_torres_order_ground.jsonl: p110 total 2200 (count~10307)
  quota closed (RA 4s) — napping 4s (~00:44)
  data/raw2_torres_order_ground.jsonl: p120 total 2400 (count~10307)
  data/raw2_torres_order_ground.jsonl: p130 total 2600 (count~10307)
  data/raw2_torres_order_ground.jsonl: p140 total 2800 (count~10307)
  quota closed (RA 39754s) — napping 3600s (~01:51)
  <urlopen error [Errno 8] nodename nor servname provided, or not known> (fail 1/8)
  quota closed (RA 7788s) — napping 3600s (~10:43)
  <urlopen error [Errno 8] nodename nor servname provided, or not known> (fail 2/8)
  <urlopen error [Errno 8] nodename nor servname provided, or not known> (fail 3/8)
  The read operation timed out (fail 4/8)
  data/raw2_torres_order_ground.jsonl: p150 total 3000 (count~10307)
  data/raw2_torres_order_ground.jsonl: p160 total 3200 (count~10307)
  data/raw2_torres_order_ground.jsonl: p170 total 3400 (count~10307)
  data/raw2_torres_order_ground.jsonl: p180 total 3600 (count~10307)
  data/raw2_torres_order_ground.jsonl: p190 total 3800 (count~10307)
  data/raw2_torres_order_ground.jsonl: p200 total 4000 (count~10307)
  data/raw2_torres_order_ground.jsonl: p210 total 4200 (count~10307)
  data/raw2_torres_order_ground.jsonl: p220 total 4400 (count~10307)
  data/raw2_torres_order_ground.jsonl: p230 total 4600 (count~10307)
  data/raw2_torres_order_ground.jsonl: p240 total 4800 (count~10307)
  data/raw2_torres_order_ground.jsonl: p250 total 5000 (count~10307)
  data/raw2_torres_order_ground.jsonl: p260 total 5200 (count~10307)
  data/raw2_torres_order_ground.jsonl: p270 total 5400 (count~10307)
  data/raw2_torres_order_ground.jsonl: p280 total 5600 (count~10307)
  data/raw2_torres_order_ground.jsonl: p290 total 5800 (count~10307)
  data/raw2_torres_order_ground.jsonl: p300 total 6000 (count~10307)
  data/raw2_torres_order_ground.jsonl: p310 total 6200 (count~10307)
  data/raw2_torres_order_ground.jsonl: p320 total 6400 (count~10307)
  data/raw2_torres_order_ground.jsonl: p330 total 6600 (count~10307)
  data/raw2_torres_order_ground.jsonl: p340 total 6800 (count~10307)
  data/raw2_torres_order_ground.jsonl: p350 total 7000 (count~10307)
  data/raw2_torres_order_ground.jsonl: p360 total 7200 (count~10307)
  data/raw2_torres_order_ground.jsonl: p370 total 7400 (count~10307)
  data/raw2_torres_order_ground.jsonl: p380 total 7600 (count~10307)
  data/raw2_torres_order_ground.jsonl: p390 total 7800 (count~10307)
  data/raw2_torres_order_ground.jsonl: p400 total 8000 (count~10307)
  data/raw2_torres_order_ground.jsonl: p410 total 8200 (count~10307)
  data/raw2_torres_order_ground.jsonl: p420 total 8400 (count~10307)
  data/raw2_torres_order_ground.jsonl: p430 total 8600 (count~10307)
  data/raw2_torres_order_ground.jsonl: p440 total 8800 (count~10307)
  data/raw2_torres_order_ground.jsonl: p450 total 9000 (count~10307)
  data/raw2_torres_order_ground.jsonl: p460 total 9200 (count~10307)
  data/raw2_torres_order_ground.jsonl: p470 total 9400 (count~10307)
  data/raw2_torres_order_ground.jsonl: p480 total 9600 (count~10307)
  data/raw2_torres_order_ground.jsonl: p490 total 9800 (count~10307)
  data/raw2_torres_order_ground.jsonl: p500 total 10000 (count~10307)
  data/raw2_torres_order_ground.jsonl: p510 total 10200 (count~10307)
  data/raw2_torres_order_ground.jsonl: p519 total 10369 (count~10307)
  -> 10369 docs
[51/54] nysd:Torres opinion/ground
  data/raw2_torres_opinion_ground.jsonl: p6 total 115 (count~115)
  -> 115 docs
[52/54] nysd:Rochon opinion/ground
  data/raw2_rochon_opinion_ground.jsonl: p10 total 200 (count~614)
  data/raw2_rochon_opinion_ground.jsonl: p20 total 400 (count~614)
  data/raw2_rochon_opinion_ground.jsonl: p30 total 600 (count~614)
  data/raw2_rochon_opinion_ground.jsonl: p31 total 614 (count~614)
  -> 614 docs
[53/54] nysd:Daniels order/ground
  data/raw2_daniels_order_ground.jsonl: p10 total 200 (count~9793)
  data/raw2_daniels_order_ground.jsonl: p20 total 400 (count~9793)
  data/raw2_daniels_order_ground.jsonl: p30 total 600 (count~9793)
  data/raw2_daniels_order_ground.jsonl: p40 total 800 (count~9793)
  data/raw2_daniels_order_ground.jsonl: p50 total 1000 (count~9793)
  data/raw2_daniels_order_ground.jsonl: p60 total 1200 (count~9793)
  data/raw2_daniels_order_ground.jsonl: p70 total 1400 (count~9793)
  data/raw2_daniels_order_ground.jsonl: p80 total 1600 (count~9793)
  data/raw2_daniels_order_ground.jsonl: p90 total 1800 (count~9793)
  data/raw2_daniels_order_ground.jsonl: p100 total 2000 (count~9793)
  data/raw2_daniels_order_ground.jsonl: p110 total 2200 (count~9793)
  data/raw2_daniels_order_ground.jsonl: p120 total 2400 (count~9793)
  data/raw2_daniels_order_ground.jsonl: p130 total 2600 (count~9793)
  data/raw2_daniels_order_ground.jsonl: p140 total 2800 (count~9793)
  data/raw2_daniels_order_ground.jsonl: p150 total 3000 (count~9793)
  data/raw2_daniels_order_ground.jsonl: p160 total 3200 (count~9793)
  data/raw2_daniels_order_ground.jsonl: p170 total 3400 (count~9793)
  data/raw2_daniels_order_ground.jsonl: p180 total 3600 (count~9793)
  data/raw2_daniels_order_ground.jsonl: p190 total 3800 (count~9793)
  data/raw2_daniels_order_ground.jsonl: p200 total 4000 (count~9793)
  data/raw2_daniels_order_ground.jsonl: p210 total 4200 (count~9793)
  data/raw2_daniels_order_ground.jsonl: p220 total 4400 (count~9793)
  data/raw2_daniels_order_ground.jsonl: p230 total 4600 (count~9793)
  data/raw2_daniels_order_ground.jsonl: p240 total 4800 (count~9793)
  data/raw2_daniels_order_ground.jsonl: p250 total 5000 (count~9793)
  data/raw2_daniels_order_ground.jsonl: p260 total 5200 (count~9793)
  data/raw2_daniels_order_ground.jsonl: p270 total 5400 (count~9793)
  data/raw2_daniels_order_ground.jsonl: p280 total 5600 (count~9793)
  data/raw2_daniels_order_ground.jsonl: p290 total 5800 (count~9793)
  data/raw2_daniels_order_ground.jsonl: p300 total 6000 (count~9793)
  data/raw2_daniels_order_ground.jsonl: p310 total 6200 (count~9793)
  data/raw2_daniels_order_ground.jsonl: p320 total 6400 (count~9793)
  data/raw2_daniels_order_ground.jsonl: p330 total 6600 (count~9793)
  data/raw2_daniels_order_ground.jsonl: p340 total 6800 (count~9793)
  data/raw2_daniels_order_ground.jsonl: p350 total 7000 (count~9793)
  data/raw2_daniels_order_ground.jsonl: p360 total 7200 (count~9793)
  data/raw2_daniels_order_ground.jsonl: p370 total 7400 (count~9793)
  data/raw2_daniels_order_ground.jsonl: p380 total 7600 (count~9793)
  data/raw2_daniels_order_ground.jsonl: p390 total 7800 (count~9793)
  data/raw2_daniels_order_ground.jsonl: p400 total 8000 (count~9793)
  data/raw2_daniels_order_ground.jsonl: p410 total 8200 (count~9793)
  data/raw2_daniels_order_ground.jsonl: p420 total 8400 (count~9793)
  data/raw2_daniels_order_ground.jsonl: p430 total 8600 (count~9793)
  data/raw2_daniels_order_ground.jsonl: p440 total 8800 (count~9793)
  data/raw2_daniels_order_ground.jsonl: p450 total 9000 (count~9793)
  data/raw2_daniels_order_ground.jsonl: p460 total 9200 (count~9793)
  data/raw2_daniels_order_ground.jsonl: p470 total 9400 (count~9793)
  data/raw2_daniels_order_ground.jsonl: p480 total 9600 (count~9793)
  data/raw2_daniels_order_ground.jsonl: p490 total 9792 (count~9793)
  -> 9792 docs
[54/54] nysd:Daniels opinion/ground
  data/raw2_daniels_opinion_ground.jsonl: p10 total 200 (count~216)
  data/raw2_daniels_opinion_ground.jsonl: p11 total 216 (count~216)
  -> 216 docs
ALL TASKS COMPLETE
